#
# There is insufficient memory for the Java Runtime Environment to continue.
# Native memory allocation (malloc) failed to allocate 861776 bytes for Chunk::new
# Possible reasons:
#   The system is out of physical RAM or swap space
#   The process is running with CompressedOops enabled, and the Java Heap may be blocking the growth of the native heap
# Possible solutions:
#   Reduce memory load on the system
#   Increase physical memory or swap space
#   Check if swap backing store is full
#   Decrease Java heap size (-Xmx/-Xms)
#   Decrease number of Java threads
#   Decrease Java thread stack sizes (-Xss)
#   Set larger code cache with -XX:ReservedCodeCacheSize=
#   JVM is running with Unscaled Compressed Oops mode in which the Java heap is
#     placed in the first 4GB address space. The Java Heap base address is the
#     maximum limit for the native heap growth. Please use -XX:HeapBaseMinAddress
#     to set the Java Heap base and to place the Java Heap above 4GB virtual address.
# This output file may be truncated or incomplete.
#
#  Out of Memory Error (allocation.cpp:389), pid=1192, tid=0x0000000000001574
#
# JRE version: OpenJDK Runtime Environment (8.0_242-b01) (build 1.8.0_242-release-1644-b01)
# Java VM: OpenJDK 64-Bit Server VM (25.242-b01 mixed mode windows-amd64 compressed oops)
# Failed to write core dump. Minidumps are not enabled by default on client versions of Windows
#

---------------  T H R E A D  ---------------

Current thread (0x00000000175ae800):  JavaThread "C2 CompilerThread1" daemon [_thread_in_native, id=5492, stack(0x0000000018d20000,0x0000000018e20000)]

Stack: [0x0000000018d20000,0x0000000018e20000]
[error occurred during error reporting (printing stack bounds), id 0xc0000005]

Native frames: (J=compiled Java code, j=interpreted, Vv=VM code, C=native code)


Current CompileTask:
C2:   3403 3875       4       org.jetbrains.kotlin.load.java.structure.impl.classFiles.BinaryClassSignatureParser::parseParameterizedClassRefSignature (295 bytes)


---------------  P R O C E S S  ---------------

Java Threads: ( => current thread )
  0x00000000175b4800 JavaThread "Service Thread" daemon [_thread_blocked, id=7356, stack(0x0000000019320000,0x0000000019420000)]
  0x00000000175b2000 JavaThread "C1 CompilerThread2" daemon [_thread_in_native, id=10628, stack(0x0000000019220000,0x0000000019320000)]
=>0x00000000175ae800 JavaThread "C2 CompilerThread1" daemon [_thread_in_native, id=5492, stack(0x0000000018d20000,0x0000000018e20000)]
  0x00000000175ab800 JavaThread "C2 CompilerThread0" daemon [_thread_in_native, id=11268, stack(0x0000000018c20000,0x0000000018d20000)]
  0x00000000175aa000 JavaThread "Attach Listener" daemon [_thread_blocked, id=4192, stack(0x0000000018b20000,0x0000000018c20000)]
  0x00000000175f8800 JavaThread "Signal Dispatcher" daemon [_thread_blocked, id=8864, stack(0x0000000018a20000,0x0000000018b20000)]
  0x000000001758a800 JavaThread "Finalizer" daemon [_thread_blocked, id=6572, stack(0x0000000018820000,0x0000000018920000)]
  0x0000000017589000 JavaThread "Reference Handler" daemon [_thread_blocked, id=10116, stack(0x0000000018720000,0x0000000018820000)]
  0x0000000002965000 JavaThread "main" [_thread_in_vm, id=3144, stack(0x0000000002860000,0x0000000002960000)]

Other Threads:
  0x0000000017566800 VMThread [stack: 0x0000000018620000,0x0000000018720000] [id=11352]
  0x0000000018eb1000 WatcherThread [stack: 0x0000000019420000,0x0000000019520000] [id=12344]

VM state:not at safepoint (normal execution)

VM Mutex/Monitor currently owned by a thread: None

heap address: 0x0000000081a00000, size: 2022 MB, Compressed Oops mode: 32-bit
Narrow klass base: 0x0000000000000000, Narrow klass shift: 3
Compressed class space size: 1073741824 Address: 0x0000000100000000

Heap:
 PSYoungGen      total 138240K, used 69940K [0x00000000d5e00000, 0x00000000e0580000, 0x0000000100000000)
  eden space 133120K, 52% used [0x00000000d5e00000,0x00000000da24d3c8,0x00000000de000000)
  from space 5120K, 0% used [0x00000000de000000,0x00000000de000000,0x00000000de500000)
  to   space 15872K, 0% used [0x00000000df600000,0x00000000df600000,0x00000000e0580000)
 ParOldGen       total 66560K, used 19565K [0x0000000081a00000, 0x0000000085b00000, 0x00000000d5e00000)
  object space 66560K, 29% used [0x0000000081a00000,0x0000000082d1b5b0,0x0000000085b00000)
 Metaspace       used 39560K, capacity 40170K, committed 40448K, reserved 1085440K
  class space    used 4881K, capacity 5058K, committed 5120K, reserved 1048576K

Card table byte_map: [0x0000000011e20000,0x0000000012220000] byte_map_base: 0x0000000011a13000

Marking Bits: (ParMarkBitMap*) 0x0000000054dcf030
 Begin Bits: [0x00000000128d0000, 0x0000000014868000)
 End Bits:   [0x0000000014868000, 0x0000000016800000)

Polling page: 0x0000000000aa0000

CodeCache: size=245760Kb used=13523Kb max_used=13523Kb free=232236Kb
 bounds [0x0000000002a60000, 0x00000000037a0000, 0x0000000011a60000]
 total_blobs=4616 nmethods=4170 adapters=359
 compilation: enabled

Compilation events (10 events):
Event: 3.399 Thread 0x00000000175b2000 nmethod 4183 0x0000000003791a10 code [0x0000000003791e40, 0x0000000003794458]
Event: 3.399 Thread 0x00000000175b2000 4184       3       org.jetbrains.kotlin.load.java.lazy.LazyJavaAnnotations::iterator (63 bytes)
Event: 3.400 Thread 0x00000000175b2000 nmethod 4184 0x0000000003795b90 code [0x0000000003795e60, 0x0000000003796ea8]
Event: 3.400 Thread 0x00000000175b2000 4185       3       org.jetbrains.kotlin.resolve.OverridingUtil::compiledValueParameters (83 bytes)
Event: 3.401 Thread 0x00000000175b2000 nmethod 4185 0x0000000003797710 code [0x00000000037979c0, 0x0000000003798e08]
Event: 3.401 Thread 0x00000000175b2000 4186       3       org.jetbrains.kotlin.types.TypeUtils::isNullableType (109 bytes)
Event: 3.402 Thread 0x00000000175b2000 nmethod 4186 0x0000000003799890 code [0x0000000003799ba0, 0x000000000379b0f8]
Event: 3.402 Thread 0x00000000175b2000 4187       3       org.jetbrains.kotlin.load.java.typeEnhancement.SignatureEnhancement::partsForValueParameter (76 bytes)
Event: 3.402 Thread 0x00000000175b2000 nmethod 4187 0x000000000379b750 code [0x000000000379b8e0, 0x000000000379bc48]
Event: 3.402 Thread 0x00000000175b2000 4188       3       org.jetbrains.kotlin.serialization.deserialization.descriptors.DeserializedClassDescriptor::isExpect (24 bytes)

GC Heap History (10 events):
Event: 1.261 GC heap before
{Heap before GC invocations=3 (full 0):
 PSYoungGen      total 71680K, used 25622K [0x00000000d5e00000, 0x00000000da900000, 0x0000000100000000)
  eden space 66560K, 30% used [0x00000000d5e00000,0x00000000d7209978,0x00000000d9f00000)
  from space 5120K, 99% used [0x00000000da400000,0x00000000da8fc010,0x00000000da900000)
  to   space 5120K, 0% used [0x00000000d9f00000,0x00000000d9f00000,0x00000000da400000)
 ParOldGen       total 87552K, used 7717K [0x0000000081a00000, 0x0000000086f80000, 0x00000000d5e00000)
  object space 87552K, 8% used [0x0000000081a00000,0x0000000082189580,0x0000000086f80000)
 Metaspace       used 20785K, capacity 21168K, committed 21296K, reserved 1069056K
  class space    used 2486K, capacity 2626K, committed 2688K, reserved 1048576K
Event: 1.268 GC heap after
Heap after GC invocations=3 (full 0):
 PSYoungGen      total 71680K, used 5088K [0x00000000d5e00000, 0x00000000dea00000, 0x0000000100000000)
  eden space 66560K, 0% used [0x00000000d5e00000,0x00000000d5e00000,0x00000000d9f00000)
  from space 5120K, 99% used [0x00000000d9f00000,0x00000000da3f8010,0x00000000da400000)
  to   space 5120K, 0% used [0x00000000de500000,0x00000000de500000,0x00000000dea00000)
 ParOldGen       total 87552K, used 11970K [0x0000000081a00000, 0x0000000086f80000, 0x00000000d5e00000)
  object space 87552K, 13% used [0x0000000081a00000,0x00000000825b0af0,0x0000000086f80000)
 Metaspace       used 20785K, capacity 21168K, committed 21296K, reserved 1069056K
  class space    used 2486K, capacity 2626K, committed 2688K, reserved 1048576K
}
Event: 1.268 GC heap before
{Heap before GC invocations=4 (full 1):
 PSYoungGen      total 71680K, used 5088K [0x00000000d5e00000, 0x00000000dea00000, 0x0000000100000000)
  eden space 66560K, 0% used [0x00000000d5e00000,0x00000000d5e00000,0x00000000d9f00000)
  from space 5120K, 99% used [0x00000000d9f00000,0x00000000da3f8010,0x00000000da400000)
  to   space 5120K, 0% used [0x00000000de500000,0x00000000de500000,0x00000000dea00000)
 ParOldGen       total 87552K, used 11970K [0x0000000081a00000, 0x0000000086f80000, 0x00000000d5e00000)
  object space 87552K, 13% used [0x0000000081a00000,0x00000000825b0af0,0x0000000086f80000)
 Metaspace       used 20785K, capacity 21168K, committed 21296K, reserved 1069056K
  class space    used 2486K, capacity 2626K, committed 2688K, reserved 1048576K
Event: 1.299 GC heap after
Heap after GC invocations=4 (full 1):
 PSYoungGen      total 71680K, used 0K [0x00000000d5e00000, 0x00000000dea00000, 0x0000000100000000)
  eden space 66560K, 0% used [0x00000000d5e00000,0x00000000d5e00000,0x00000000d9f00000)
  from space 5120K, 0% used [0x00000000d9f00000,0x00000000d9f00000,0x00000000da400000)
  to   space 5120K, 0% used [0x00000000de500000,0x00000000de500000,0x00000000dea00000)
 ParOldGen       total 66560K, used 9188K [0x0000000081a00000, 0x0000000085b00000, 0x00000000d5e00000)
  object space 66560K, 13% used [0x0000000081a00000,0x00000000822f93c0,0x0000000085b00000)
 Metaspace       used 20785K, capacity 21168K, committed 21296K, reserved 1069056K
  class space    used 2486K, capacity 2626K, committed 2688K, reserved 1048576K
}
Event: 2.086 GC heap before
{Heap before GC invocations=5 (full 1):
 PSYoungGen      total 71680K, used 66560K [0x00000000d5e00000, 0x00000000dea00000, 0x0000000100000000)
  eden space 66560K, 100% used [0x00000000d5e00000,0x00000000d9f00000,0x00000000d9f00000)
  from space 5120K, 0% used [0x00000000d9f00000,0x00000000d9f00000,0x00000000da400000)
  to   space 5120K, 0% used [0x00000000de500000,0x00000000de500000,0x00000000dea00000)
 ParOldGen       total 66560K, used 9188K [0x0000000081a00000, 0x0000000085b00000, 0x00000000d5e00000)
  object space 66560K, 13% used [0x0000000081a00000,0x00000000822f93c0,0x0000000085b00000)
 Metaspace       used 29796K, capacity 30211K, committed 30336K, reserved 1075200K
  class space    used 3815K, capacity 3945K, committed 3968K, reserved 1048576K
Event: 2.101 GC heap after
Heap after GC invocations=5 (full 1):
 PSYoungGen      total 101376K, used 5091K [0x00000000d5e00000, 0x00000000dea00000, 0x0000000100000000)
  eden space 96256K, 0% used [0x00000000d5e00000,0x00000000d5e00000,0x00000000dbc00000)
  from space 5120K, 99% used [0x00000000de500000,0x00000000de9f8c70,0x00000000dea00000)
  to   space 5120K, 0% used [0x00000000de000000,0x00000000de000000,0x00000000de500000)
 ParOldGen       total 66560K, used 20692K [0x0000000081a00000, 0x0000000085b00000, 0x00000000d5e00000)
  object space 66560K, 31% used [0x0000000081a00000,0x0000000082e35268,0x0000000085b00000)
 Metaspace       used 29796K, capacity 30211K, committed 30336K, reserved 1075200K
  class space    used 3815K, capacity 3945K, committed 3968K, reserved 1048576K
}
Event: 2.508 GC heap before
{Heap before GC invocations=6 (full 1):
 PSYoungGen      total 101376K, used 33879K [0x00000000d5e00000, 0x00000000dea00000, 0x0000000100000000)
  eden space 96256K, 29% used [0x00000000d5e00000,0x00000000d7a1d158,0x00000000dbc00000)
  from space 5120K, 99% used [0x00000000de500000,0x00000000de9f8c70,0x00000000dea00000)
  to   space 5120K, 0% used [0x00000000de000000,0x00000000de000000,0x00000000de500000)
 ParOldGen       total 66560K, used 20692K [0x0000000081a00000, 0x0000000085b00000, 0x00000000d5e00000)
  object space 66560K, 31% used [0x0000000081a00000,0x0000000082e35268,0x0000000085b00000)
 Metaspace       used 34817K, capacity 35308K, committed 35496K, reserved 1081344K
  class space    used 4437K, capacity 4581K, committed 4608K, reserved 1048576K
Event: 2.517 GC heap after
Heap after GC invocations=6 (full 1):
 PSYoungGen      total 138240K, used 5100K [0x00000000d5e00000, 0x00000000e0580000, 0x0000000100000000)
  eden space 133120K, 0% used [0x00000000d5e00000,0x00000000d5e00000,0x00000000de000000)
  from space 5120K, 99% used [0x00000000de000000,0x00000000de4fb130,0x00000000de500000)
  to   space 15872K, 0% used [0x00000000df600000,0x00000000df600000,0x00000000e0580000)
 ParOldGen       total 66560K, used 27402K [0x0000000081a00000, 0x0000000085b00000, 0x00000000d5e00000)
  object space 66560K, 41% used [0x0000000081a00000,0x00000000834c2898,0x0000000085b00000)
 Metaspace       used 34817K, capacity 35308K, committed 35496K, reserved 1081344K
  class space    used 4437K, capacity 4581K, committed 4608K, reserved 1048576K
}
Event: 2.517 GC heap before
{Heap before GC invocations=7 (full 2):
 PSYoungGen      total 138240K, used 5100K [0x00000000d5e00000, 0x00000000e0580000, 0x0000000100000000)
  eden space 133120K, 0% used [0x00000000d5e00000,0x00000000d5e00000,0x00000000de000000)
  from space 5120K, 99% used [0x00000000de000000,0x00000000de4fb130,0x00000000de500000)
  to   space 15872K, 0% used [0x00000000df600000,0x00000000df600000,0x00000000e0580000)
 ParOldGen       total 66560K, used 27402K [0x0000000081a00000, 0x0000000085b00000, 0x00000000d5e00000)
  object space 66560K, 41% used [0x0000000081a00000,0x00000000834c2898,0x0000000085b00000)
 Metaspace       used 34817K, capacity 35308K, committed 35496K, reserved 1081344K
  class space    used 4437K, capacity 4581K, committed 4608K, reserved 1048576K
Event: 2.577 GC heap after
Heap after GC invocations=7 (full 2):
 PSYoungGen      total 138240K, used 0K [0x00000000d5e00000, 0x00000000e0580000, 0x0000000100000000)
  eden space 133120K, 0% used [0x00000000d5e00000,0x00000000d5e00000,0x00000000de000000)
  from space 5120K, 0% used [0x00000000de000000,0x00000000de000000,0x00000000de500000)
  to   space 15872K, 0% used [0x00000000df600000,0x00000000df600000,0x00000000e0580000)
 ParOldGen       total 66560K, used 19565K [0x0000000081a00000, 0x0000000085b00000, 0x00000000d5e00000)
  object space 66560K, 29% used [0x0000000081a00000,0x0000000082d1b5b0,0x0000000085b00000)
 Metaspace       used 34817K, capacity 35308K, committed 35496K, reserved 1081344K
  class space    used 4437K, capacity 4581K, committed 4608K, reserved 1048576K
}

Deoptimization events (10 events):
Event: 2.894 Thread 0x0000000002965000 Uncommon trap: reason=class_check action=maybe_recompile pc=0x000000000328ab58 method=org.jetbrains.kotlin.com.intellij.openapi.util.text.StringUtilRt.lastIndexOf(Ljava/lang/CharSequence;CII)I @ 17
Event: 2.894 Thread 0x0000000002965000 Uncommon trap: reason=class_check action=maybe_recompile pc=0x000000000328ab58 method=org.jetbrains.kotlin.com.intellij.openapi.util.text.StringUtilRt.lastIndexOf(Ljava/lang/CharSequence;CII)I @ 17
Event: 2.982 Thread 0x0000000002965000 Uncommon trap: reason=predicate action=maybe_recompile pc=0x000000000344f73c method=java.util.regex.Pattern$Start.match(Ljava/util/regex/Matcher;ILjava/lang/CharSequence;)Z @ 37
Event: 2.982 Thread 0x0000000002965000 Uncommon trap: reason=unstable_if action=reinterpret pc=0x0000000003106c20 method=java.lang.AbstractStringBuilder.append(Ljava/lang/CharSequence;)Ljava/lang/AbstractStringBuilder; @ 29
Event: 3.039 Thread 0x0000000002965000 Uncommon trap: reason=null_check action=make_not_entrant pc=0x00000000034d2e98 method=org.jetbrains.kotlin.storage.LockBasedStorageManager$LockBasedLazyValue.invoke()Ljava/lang/Object; @ 6
Event: 3.094 Thread 0x0000000002965000 Uncommon trap: reason=bimorphic action=maybe_recompile pc=0x0000000003030f14 method=gnu.trove.TObjectHash.index(Ljava/lang/Object;)I @ 126
Event: 3.250 Thread 0x0000000002965000 Uncommon trap: reason=class_check action=maybe_recompile pc=0x000000000364b3a8 method=org.jetbrains.kotlin.load.java.structure.impl.classFiles.BinaryClassSignatureParser.parseParameterizedClassRefSignature(Ljava/text/CharacterIterator;Lorg/jetbrains/kotli
Event: 3.250 Thread 0x0000000002965000 Uncommon trap: reason=class_check action=maybe_recompile pc=0x000000000364b3a8 method=org.jetbrains.kotlin.load.java.structure.impl.classFiles.BinaryClassSignatureParser.parseParameterizedClassRefSignature(Ljava/text/CharacterIterator;Lorg/jetbrains/kotli
Event: 3.256 Thread 0x0000000002965000 Uncommon trap: reason=class_check action=maybe_recompile pc=0x000000000364b3a8 method=org.jetbrains.kotlin.load.java.structure.impl.classFiles.BinaryClassSignatureParser.parseParameterizedClassRefSignature(Ljava/text/CharacterIterator;Lorg/jetbrains/kotli
Event: 3.256 Thread 0x0000000002965000 Uncommon trap: reason=class_check action=maybe_recompile pc=0x000000000364b3a8 method=org.jetbrains.kotlin.load.java.structure.impl.classFiles.BinaryClassSignatureParser.parseParameterizedClassRefSignature(Ljava/text/CharacterIterator;Lorg/jetbrains/kotli

Classes redefined (0 events):
No events

Internal exceptions (10 events):
Event: 2.015 Thread 0x0000000002965000 Exception <a 'java/lang/ArrayIndexOutOfBoundsException'> (0x00000000d9a77108) thrown at [C:\src\AOSP-openjdk-git\hotspot\src\share\vm\runtime\sharedRuntime.cpp, line 605]
Event: 2.015 Thread 0x0000000002965000 Exception <a 'java/lang/ArrayIndexOutOfBoundsException'> (0x00000000d9a7c508) thrown at [C:\src\AOSP-openjdk-git\hotspot\src\share\vm\runtime\sharedRuntime.cpp, line 605]
Event: 2.060 Thread 0x0000000002965000 Exception <a 'java/lang/ArrayIndexOutOfBoundsException'> (0x00000000d9cb7010) thrown at [C:\src\AOSP-openjdk-git\hotspot\src\share\vm\runtime\sharedRuntime.cpp, line 605]
Event: 2.060 Thread 0x0000000002965000 Exception <a 'java/lang/ArrayIndexOutOfBoundsException'> (0x00000000d9cb88a0) thrown at [C:\src\AOSP-openjdk-git\hotspot\src\share\vm\runtime\sharedRuntime.cpp, line 605]
Event: 2.061 Thread 0x0000000002965000 Exception <a 'java/lang/ArrayIndexOutOfBoundsException'> (0x00000000d9cbfd98) thrown at [C:\src\AOSP-openjdk-git\hotspot\src\share\vm\runtime\sharedRuntime.cpp, line 605]
Event: 2.336 Thread 0x0000000002965000 Exception <a 'java/lang/NoSuchMethodError': java.lang.Object.lambda$static$0(I)[Lorg/jetbrains/kotlin/psi/KtExpression;> (0x00000000d6d80568) thrown at [C:\src\AOSP-openjdk-git\hotspot\src\share\vm\interpreter\linkResolver.cpp, line 620]
Event: 2.405 Thread 0x0000000002965000 Exception <a 'java/lang/NoSuchMethodError': java.lang.Object.lambda$static$0(I)[Lorg/jetbrains/kotlin/psi/KtDeclaration;> (0x00000000d7093860) thrown at [C:\src\AOSP-openjdk-git\hotspot\src\share\vm\interpreter\linkResolver.cpp, line 620]
Event: 2.589 Thread 0x0000000002965000 Exception <a 'java/lang/NoSuchMethodError': java.lang.Object.lambda$static$0(I)[Lorg/jetbrains/kotlin/psi/KtTypeElement;> (0x00000000d5e6f730) thrown at [C:\src\AOSP-openjdk-git\hotspot\src\share\vm\interpreter\linkResolver.cpp, line 620]
Event: 2.987 Thread 0x0000000002965000 Exception <a 'java/lang/NoSuchMethodError': java.lang.Object.lambda$static$0(I)[Lorg/jetbrains/kotlin/com/intellij/psi/PsiClass;> (0x00000000d89c2ba0) thrown at [C:\src\AOSP-openjdk-git\hotspot\src\share\vm\interpreter\linkResolver.cpp, line 620]
Event: 3.039 Thread 0x0000000002965000 Implicit null exception at 0x00000000034d2b94 to 0x00000000034d2e89

Events (10 events):
Event: 3.371 loading class org/jetbrains/kotlin/descriptors/TypeParameterUtilsKt$computeConstructorTypeParameters$parametersFromContainingFunctions$3
Event: 3.371 loading class org/jetbrains/kotlin/descriptors/TypeParameterUtilsKt$computeConstructorTypeParameters$parametersFromContainingFunctions$3 done
Event: 3.371 loading class kotlin/sequences/TakeWhileSequence$iterator$1
Event: 3.371 loading class kotlin/sequences/TakeWhileSequence$iterator$1 done
Event: 3.372 loading class kotlin/sequences/DropSequence$iterator$1
Event: 3.372 loading class kotlin/sequences/DropSequence$iterator$1 done
Event: 3.389 loading class org/jetbrains/kotlin/builtins/KotlinBuiltIns$Primitives
Event: 3.389 loading class org/jetbrains/kotlin/builtins/KotlinBuiltIns$Primitives done
Event: 3.398 Executing VM operation: ForceSafepoint
Event: 3.398 Executing VM operation: ForceSafepoint done


Dynamic libraries:
0x00007ff62a9b0000 - 0x00007ff62a9e1000 	C:\Program Files\Android\Android Studio2\jre\jre\bin\java.exe
0x00007ffb634e0000 - 0x00007ffb636d0000 	C:\WINDOWS\SYSTEM32\ntdll.dll
0x00007ffb61ed0000 - 0x00007ffb61f82000 	C:\WINDOWS\System32\KERNEL32.DLL
0x00007ffb611a0000 - 0x00007ffb61445000 	C:\WINDOWS\System32\KERNELBASE.dll
0x00007ffb61730000 - 0x00007ffb617d3000 	C:\WINDOWS\System32\ADVAPI32.dll
0x00007ffb62630000 - 0x00007ffb626ce000 	C:\WINDOWS\System32\msvcrt.dll
0x00007ffb62f40000 - 0x00007ffb62fd7000 	C:\WINDOWS\System32\sechost.dll
0x00007ffb63380000 - 0x00007ffb6349f000 	C:\WINDOWS\System32\RPCRT4.dll
0x00007ffb61590000 - 0x00007ffb61724000 	C:\WINDOWS\System32\USER32.dll
0x00007ffb61070000 - 0x00007ffb61091000 	C:\WINDOWS\System32\win32u.dll
0x00007ffb62780000 - 0x00007ffb627a6000 	C:\WINDOWS\System32\GDI32.dll
0x00007ffb60e80000 - 0x00007ffb61018000 	C:\WINDOWS\System32\gdi32full.dll
0x00007ffb60610000 - 0x00007ffb606ae000 	C:\WINDOWS\System32\msvcp_win.dll
0x00007ffb610a0000 - 0x00007ffb6119a000 	C:\WINDOWS\System32\ucrtbase.dll
0x00007ffb5f870000 - 0x00007ffb5faf4000 	C:\WINDOWS\WinSxS\amd64_microsoft.windows.common-controls_6595b64144ccf1df_6.0.18362.1440_none_9e7dbfb9e45e8e67\COMCTL32.dll
0x00007ffb62a90000 - 0x00007ffb62dc6000 	C:\WINDOWS\System32\combase.dll
0x00007ffb61450000 - 0x00007ffb614d1000 	C:\WINDOWS\System32\bcryptPrimitives.dll
0x00007ffb631a0000 - 0x00007ffb631ce000 	C:\WINDOWS\System32\IMM32.DLL
0x0000000053b90000 - 0x0000000053c62000 	C:\Program Files\Android\Android Studio2\jre\jre\bin\msvcr100.dll
0x0000000054600000 - 0x0000000054e4b000 	C:\Program Files\Android\Android Studio2\jre\jre\bin\server\jvm.dll
0x00007ffb62140000 - 0x00007ffb62148000 	C:\WINDOWS\System32\PSAPI.DLL
0x00007ffb41600000 - 0x00007ffb41609000 	C:\WINDOWS\SYSTEM32\WSOCK32.dll
0x00007ffb5d500000 - 0x00007ffb5d524000 	C:\WINDOWS\SYSTEM32\WINMM.dll
0x00007ffb54540000 - 0x00007ffb5454a000 	C:\WINDOWS\SYSTEM32\VERSION.dll
0x00007ffb625c0000 - 0x00007ffb6262f000 	C:\WINDOWS\System32\WS2_32.dll
0x00007ffb5d4d0000 - 0x00007ffb5d4fd000 	C:\WINDOWS\SYSTEM32\WINMMBASE.dll
0x00007ffb61020000 - 0x00007ffb6106a000 	C:\WINDOWS\System32\cfgmgr32.dll
0x00007ffb59570000 - 0x00007ffb5957f000 	C:\Program Files\Android\Android Studio2\jre\jre\bin\verify.dll
0x00007ffb542a0000 - 0x00007ffb542c9000 	C:\Program Files\Android\Android Studio2\jre\jre\bin\java.dll
0x00007ffb51110000 - 0x00007ffb51126000 	C:\Program Files\Android\Android Studio2\jre\jre\bin\zip.dll
0x00007ffb617e0000 - 0x00007ffb61ec8000 	C:\WINDOWS\System32\SHELL32.dll
0x00007ffb628f0000 - 0x00007ffb62997000 	C:\WINDOWS\System32\shcore.dll
0x00007ffb60700000 - 0x00007ffb60e7b000 	C:\WINDOWS\System32\windows.storage.dll
0x00007ffb603f0000 - 0x00007ffb6040e000 	C:\WINDOWS\System32\profapi.dll
0x00007ffb603a0000 - 0x00007ffb603ea000 	C:\WINDOWS\System32\powrprof.dll
0x00007ffb60390000 - 0x00007ffb603a0000 	C:\WINDOWS\System32\UMPDC.dll
0x00007ffb620d0000 - 0x00007ffb62122000 	C:\WINDOWS\System32\shlwapi.dll
0x00007ffb60410000 - 0x00007ffb60421000 	C:\WINDOWS\System32\kernel.appcore.dll
0x00007ffb606b0000 - 0x00007ffb606c7000 	C:\WINDOWS\System32\cryptsp.dll
0x00007ffb4c3f0000 - 0x00007ffb4c40a000 	C:\Program Files\Android\Android Studio2\jre\jre\bin\net.dll
0x00007ffb5f6b0000 - 0x00007ffb5f717000 	C:\WINDOWS\system32\mswsock.dll
0x00007ffb4c350000 - 0x00007ffb4c363000 	C:\Program Files\Android\Android Studio2\jre\jre\bin\nio.dll

VM Arguments:
java_command: org.jetbrains.kotlin.cli.jvm.K2JVMCompiler -Xallow-no-source-files -classpath C:\Users\User\AndroidStudioProjects\ScientificCalculater\app\build\intermediates\compile_and_runtime_not_namespaced_r_class_jar\debug\R.jar;C:\Users\User\.gradle\caches\transforms-2\files-2.1\a3d1f16cf3e94b1375196346a9d93eda\jetified-core-ktx-1.2.0-api.jar;C:\Users\User\.gradle\caches\transforms-2\files-2.1\e24425c5e129b972f8cf2d6b1b471b12\jetified-kotlin-stdlib-1.3.72.jar;C:\Users\User\.gradle\caches\transforms-2\files-2.1\554bebb569f106c02672a9b72ae82eec\jetified-kotlin-stdlib-common-1.3.72.jar;C:\Users\User\.gradle\caches\transforms-2\files-2.1\9b00ae621c12c3bfedc3250e3d20a9f2\jetified-annotations-13.0.jar;C:\Users\User\.gradle\caches\transforms-2\files-2.1\61e0555a0b1297543616553e9cfc4bac\material-1.4.0-api.jar;C:\Users\User\.gradle\caches\transforms-2\files-2.1\f9469f06cc04fc422bb968197fbd47a8\appcompat-1.3.1-api.jar;C:\Users\User\.gradle\caches\transforms-2\files-2.1\a265561575907395c52ae16e222813bd\jetified-viewpager2-1.0.0-api.jar;C:\Users\User\.gradle\caches\transforms-2\files-2.1\1948948b43224da9c0a9abe2689ada17\fragment-1.3.6-api.jar;C:\Users\User\.gradle\caches\transforms-2\files-2.1\8f64d3f41739110415d5ecc43a1afc49\jetified-activity-1.2.4-api.jar;C:\Users\User\.gradle\caches\transforms-2\files-2.1\0dfc114d860ef9b193fce69fdd21c453\jetified-appcompat-resources-1.3.1-api.jar;C:\Users\User\.gradle\caches\transforms-2\files-2.1\40929d6fb330e298c6e3460973173c00\drawerlayout-1.0.0-api.jar;C:\Users\User\.gradle\caches\transforms-2\files-2.1\3806495bbc38d0525f4c942e89436f70\coordinatorlayout-1.1.0-api.jar;C:\Users\User\.gradle\caches\transforms-2\files-2.1\357b61e8c3693994e19e75db5a0e7d8d\dynamicanimation-1.0.0-api.jar;C:\Users\User\.gradle\caches\transforms-2\files-2.1\afbff4ee23217ccbc0bfda5b6e6be3eb\recyclerview-1.1.0-api.jar;C:\Users\User\.gradle\caches\transforms-2\files-2.1\05ca8c42f4cbd803cd0f92b4a2485488\transition-1.2.0-api.jar;C:\Users\User\.gradle\caches\tran
java_class_path (initial): C:\Users\User\.gradle\caches\modules-2\files-2.1\org.jetbrains.kotlin\kotlin-compiler-embeddable\1.3.72\fb72232c8fa977d5e07d33c43381ddbdc5edab6\kotlin-compiler-embeddable-1.3.72.jar;C:\Users\User\.gradle\caches\modules-2\files-2.1\org.jetbrains.kotlin\kotlin-reflect\1.3.72\86613e1a669a701b0c660bfd2af4f82a7ae11fca\kotlin-reflect-1.3.72.jar;C:\Users\User\.gradle\caches\modules-2\files-2.1\org.jetbrains.kotlin\kotlin-stdlib\1.3.72\8032138f12c0180bc4e51fe139d4c52b46db6109\kotlin-stdlib-1.3.72.jar;C:\Users\User\.gradle\caches\modules-2\files-2.1\org.jetbrains.kotlin\kotlin-script-runtime\1.3.72\657d8d34d91e1964b4439378c09933e840bfe8d5\kotlin-script-runtime-1.3.72.jar;C:\Users\User\.gradle\caches\modules-2\files-2.1\org.jetbrains.kotlin\kotlin-daemon-embeddable\1.3.72\53bbaa2816dbf6bdb85f629451b1fcc88f2164d2\kotlin-daemon-embeddable-1.3.72.jar;C:\Users\User\.gradle\caches\modules-2\files-2.1\org.jetbrains.intellij.deps\trove4j\1.0.20181211\216c2e14b070f334479d800987affe4054cd563f\trove4j-1.0.20181211.jar;C:\Users\User\.gradle\caches\modules-2\files-2.1\org.jetbrains.kotlin\kotlin-stdlib-common\1.3.72\6ca8bee3d88957eaaaef077c41c908c9940492d8\kotlin-stdlib-common-1.3.72.jar;C:\Users\User\.gradle\caches\modules-2\files-2.1\org.jetbrains\annotations\13.0\919f0dfe192fb4e063e7dacadee7f8bb9a2672a9\annotations-13.0.jar;C:\Program Files\Android\Android Studio2\jre\lib\tools.jar
Launcher Type: SUN_STANDARD

Environment Variables:
PATH=C:\ProgramData\Oracle\Java\javapath;C:\Program Files\Common Files\Oracle\Java\javapath;C:\WINDOWS\system32;C:\WINDOWS;C:\WINDOWS\System32\Wbem;C:\WINDOWS\System32\WindowsPowerShell\v1.0\;C:\WINDOWS\System32\OpenSSH\;C:\Program Files (x86)\NVIDIA Corporation\PhysX\Common;C:\Program Files\Dart\dart-sdk\bin;C:\Program Files\dotnet\;C:\Program Files\Graphviz\bin;C:\Program Files\swipl\bin;C:\Program Files\Microsoft SQL Server\Client SDK\ODBC\130\Tools\Binn\;C:\Program Files (x86)\Microsoft SQL Server\130\Tools\Binn\;C:\Program Files\Microsoft SQL Server\130\Tools\Binn\;C:\Program Files\Microsoft SQL Server\130\DTS\Binn\;C:\Program Files (x86)\Microsoft SQL Server\Client SDK\ODBC\130\Tools\Binn\;C:\Program Files (x86)\Microsoft SQL Server\140\Tools\Binn\;C:\Program Files (x86)\Microsoft SQL Server\140\DTS\Binn\;C:\Program Files (x86)\Microsoft SQL Server\140\Tools\Binn\ManagementStudio\;E:\Matlab\runtime\win64;E:\Matlab\bin;E:\Matlab\polyspace\bin;C:\Program Files\Git\cmd;C:\Users\User\AppData\Local\Microsoft\WindowsApps;C:\Users\User\AppData\Local\Programs\Microsoft VS Code\bin;C:\flutter\bin;C:\Program Files\Git\bin\git.exe;C:\Program Files\Git\cmd;C:\Program Files\Java\jdk-15.0.2;C:\Users\User\.dotnet\tools;C:\Program Files\JetBrains\CLion 2019.2.3\bin;;C:\Program Files\JetBrains\PyCharm Community Edition 2021.1.1\bin;
USERNAME=User
OS=Windows_NT
PROCESSOR_IDENTIFIER=Intel64 Family 6 Model 158 Stepping 9, GenuineIntel



---------------  S Y S T E M  ---------------

OS: Windows 10.0 , 64 bit Build 18362 (10.0.18362.1350)

CPU:total 4 (initial active 4) (4 cores per cpu, 1 threads per core) family 6 model 158 stepping 9, cmov, cx8, fxsr, mmx, sse, sse2, sse3, ssse3, sse4.1, sse4.2, popcnt, avx, avx2, aes, clmul, erms, 3dnowpref, lzcnt, tsc, tscinvbit, bmi1, bmi2, adx

Memory: 4k page, physical 8278180k(1019100k free), swap 33444004k(5152k free)

vm_info: OpenJDK 64-Bit Server VM (25.242-b01) for windows-amd64 JRE (1.8.0_242-release-1644-b01), built by "builder" with MS VC++ 10.0 (VS2010)

time: Wed Sep 08 18:38:01 2021
timezone: Syria Daylight Time
elapsed time: 3 seconds (0d 0h 0m 3s)

